-------------------------------------------------------------------------------
Test set: com.jack.TrackerApplicationTests
-------------------------------------------------------------------------------
Tests run: 1, Failures: 0, Errors: 1, Skipped: 0, Time elapsed: 3.601 s <<< FAILURE! - in com.jack.TrackerApplicationTests
contextLoads  Time elapsed: 0.001 s  <<< ERROR!
java.lang.IllegalStateException: Failed to load ApplicationContext
Caused by: org.springframework.beans.factory.UnsatisfiedDependencyException: Error creating bean with name 'transactionController' defined in file [C:\Users\jack\source\repos\Java\Project_Repos\Databases-WRKSPC\Tracker\target\classes\com\jack\controller\TransactionController.class]: Unsatisfied dependency expressed through constructor parameter 0; nested exception is org.springframework.beans.factory.NoSuchBeanDefinitionException: No qualifying bean of type 'com.jack.service.TransactionService' available: expected at least 1 bean which qualifies as autowire candidate. Dependency annotations: {}
Caused by: org.springframework.beans.factory.NoSuchBeanDefinitionException: No qualifying bean of type 'com.jack.service.TransactionService' available: expected at least 1 bean which qualifies as autowire candidate. Dependency annotations: {}

